-65012
-6712
2284
2318
2057
1223
577
413
438
534
658
666
587
531
589
761
945
1106
1274
1259
817
-59
-367
-257
-35
268
533
716
768
816
873
847
870
1037
1319
1026
-22
-723
-694
-655
-463
-384
-369
-364
-443
-361
-244
-145
-128
-63
-211
-845
-1076
-870
-619
-415
-431
-568
-498
-221
298
635
584
565
694
371
-58
-45
158
397
560
498
311
265
531
814
1023
1203
1360
1084
151
-419
-444
-282
-101
-113
-324
-437
-275
-13
-21
43
222
347
305
-419
-1472
-1877
-1824
-1574
-1421
-1444
-1534
-1582
-1425
-1264
-1219
-1145
-977
-778
-731
-1430
-2437
-2773
-2567
-2270
-2093
-2034
-2035
-1944
-1787
-1579
-1476
-1374
-1105
-855
-941
-1766
-2641
-2780
-2526
-2111
-1755
-1728
-1807
-1744
-1484
-1217
-1090
-1028
-901
-692
-933
-1837
-2369
-2324
-2066
-1756
-1522
-1521
-1556
-1437
-1214
-1000
-810
-639
-509
-567
-1313
-2169
-2330
-2086
-1816
-1592
-1481
-1533
-1579
-1466
-1188
-939
-804
-676
-554
-497
-981
-1951
-2414
-2323
-2069
-1823
-1640
-1602
-1573
-1481
-1340
-1121
-910
-745
-636
-489
-376
-900
-1827
-2211
-2051
-1851
-1653
-1484
-1525
-1581
-1416
-1174
-928
-727
-570
-472
-358
-241
-761
-1685
-2023
-1875
-1678
-1440
-1272
-1294
-1306
-1114
-877
-687
-583
-495
-312
-148
-14
-302
-1315
-1915
-1812
-1555
-1264
-1042
-1040
-1105
-1036
-843
-634
-415
-264
-146
8
139
-168
-1044
-1587
-1513
-1246
-941
-792
-838
-877
-807
-632
-432
-243
-89
72
199
81
-714
-1428
-1426
-1146
-865
-607
-573
-641
-595
-452
-267
-58
71
208
347
431
-64
-1022
-1405
-1265
-1053
-840
-719
-747
-781
-683
-466
-290
-62
143
328
461
377
-414
-1231
-1326
-1090
-818
-614
-547
-604
-600
-518
-363
-226
-80
60
221
337
201
-677
-1451
-1521
-1237
-992
-793
-787
-860
-797
-667
-472
-271
-109
18
130
155
-470
-1407
-1706
-1539
-1299
-1078
-1000
-1058
-1055
-911
-707
-485
-344
-182
25
88
-536
-1464
-1781
-1702
-1512
-1242
-1134
-1225
-1232
-1105
-919
-754
-577
-413
-250
-84
-92
-871
-1816
-2049
-1862
-1641
-1428
-1391
-1490
-1616
-1675
-1671
-1565
-1388
-1132
-976
-821
-656
-1014
-2032
-2612
-2563
-2382
-2153
-1930
-1913
-1914
-1809
-1605
-1391
-1201
-998
-866
-700
-560
-640
-1459
-2293
-2414
-2192
-1948
-1700
-1651
-1712
-1668
-1528
-1295
-1106
-972
-861
-631
-488
-555
-1334
-2066
-2056
-1802
-1548
-1288
-1285
-1432
-1490
-1341
-1144
-957
-782
-577
-357
-310
-995
-1782
-1889
-1663
-1524
-1460
-1532
-1637
-1679
-1597
-1416
-1216
-1077
-915
-760
-668
-1134
-2343
-3167
-3283
-3090
-2767
-2525
-2457
-2440
-2345
-2177
-1909
-1707
-1548
-1355
-1211
-1176
-1768
-2777
-3198
-3048
-2773
-2452
-2250
-2251
-2259
-2123
-1891
-1659
-1427
-1254
-1132
-981
-849
-1138
-2049
-2649
-2631
-2361
-2111
-1905
-1855
-1876
-1779
-1640
-1431
-1235
-1132
-1023
-875
-737
-981
-1829
-2354
-2294
-2052
-1748
-1516
-1500
-1518
-1432
-1259
-1070
-907
-746
-592
-440
-453
-1106
-1883
-2018
-1800
-1592
-1330
-1217
-1298
-1297
-1155
-953
-744
-564
-425
-277
-147
-397
-1302
-1855
-1796
-1574
-1327
-1121
-1068
-1106
-1053
-854
-651
-492
-336
-153
66
329
297
-362
-732
-572
-308
-42
167
172
107
138
262
407
575
713
850
988
1091
900
45
-622
-635
-419
-245
-62
-29
-83
-13
154
309
496
636
741
897
919
330
-515
-771
-571
-352
-111
-45
-78
-86
21
190
345
493
629
765
721
22
-799
-1019
-844
-612
-346
-204
-206
-170
89
347
602
856
1054
1254
1278
582
-182
-309
-90
95
320
412
395
433
575
740
848
932
1090
1294
1470
1376
518
-209
-280
-144
0
237
317
286
341
494
665
856
1054
1212
1367
1521
1507
858
158
18
194
355
559
649
640
652
758
949
1102
1246
1399
1529
1660
1639
1077
459
360
534
715
923
1000
987
1031
1165
1309
1463
1623
1746
1885
1801
1184
645
592
744
952
1175
1197
1166
1209
1328
1485
1589
1537
1547
1566
1231
427
-35
9
150
315
451
478
430
505
638
825
1012
1150
1270
1399
1394
797
21
-154
-36
128
343
428
398
425
538
676
813
992
1146
1294
1467
1454
826
100
-100
-26
58
244
310
277
284
381
534
662
798
955
1040
1122
1241
939
116
-370
-322
-169
-38
73
88
26
81
246
400
535
651
791
903
1000
882
165
-483
-561
-347
-145
21
26
4
32
167
352
517
612
764
910
938
411
-335
-595
-475
-288
-88
15
-52
-120
-29
131
313
476
608
743
890
900
244
-605
-826
-681
-522
-286
-178
-231
-208
-96
63
242
421
548
691
809
660
-175
-899
-964
-759
-573
-370
-293
-326
-304
-150
66
241
425
580
725
852
805
55
-748
-911
-744
-560
-340
-256
-319
-311
-162
-16
152
281
425
552
616
156
-758
-1157
-992
-740
-488
-352
-407
-431
-302
-157
-23
152
312
470
357
-449
-1127
-1138
-873
-568
-324
-316
-348
-318
-252
-92
110
252
403
543
342
-506
-1153
-1162
-958
-703
-480
-494
-506
-411
-269
-73
136
269
441
597
679
213
-679
-961
-777
-595
-328
-143
-173
-190
-86
99
281
479
647
812
953
1064
924
155
-480
-541
-365
-154
55
75
62
132
256
427
597
763
905
1037
1164
1059
368
-210
-208
44
264
452
499
488
575
744
950
1090
1208
1370
1492
1462
893
174
-9
190
416
715
852
826
851
1003
1158
1328
1468
1596
1734
1721
1095
372
212
366
560
793
887
851
872
1006
1185
1385
1535
1674
1826
1955
1753
887
262
254
421
561
771
813
763
854
1023
1199
1402
1564
1705
1846
1954
1775
1010
395
338
506
715
922
944
916
952
1089
1253
1427
1589
1731
1869
1947
1525
667
322
440
606
842
1002
970
981
1111
1292
1444
1606
1750
1908
1972
1461
664
430
615
832
1068
1190
1181
1193
1333
1491
1650
1818
1972
2131
1900
1090
579
634
857
1113
1311
1363
1344
1387
1496
1636
1825
1967
2081
2232
2348
1940
1036
648
780
977
1194
1346
1344
1345
1416
1588
1783
1952
2092
2239
2403
2531
2388
1721
1191
1211
1385
1582
1787
1861
1858
1931
2089
2246
2390
2547
2703
2804
2849
2476
1788
1534
1679
1894
2099
2223
2231
2266
2391
2515
2634
2784
2927
3035
3004
2445
1873
1790
1967
2164
2361
2381
2298
2320
2443
2552
2639
2769
2891
2788
2160
1643
1601
1768
1969
2139
2139
2092
2135
2258
2394
2516
2645
2789
2718
2098
1431
1305
1417
1544
1740
1773
1732
1779
1876
2011
2145
2295
2416
2532
2410
1675
1026
966
1113
1295
1474
1479
1445
1497
1610
1773
1948
2083
2191
2328
2447
2108
1270
770
836
1015
1207
1351
1313
1278
1351
1475
1634
1804
1913
2011
2163
2235
1756
933
631
775
995
1234
1297
1225
1236
1327
1453
1573
1682
1816
1963
1984
1417
660
445
638
866
1102
1174
1076
1067
1168
1318
1452
1563
1696
1827
1558
758
226
221
415
632
788
773
745
804
941
1106
1281
1439
1576
1698
1708
1027
132
-117
60
287
538
640
631
709
865
1038
1200
1324
1401
1450
1548
1539
857
-130
-435
-237
12
243
361
289
314
478
656
774
943
1114
1232
1318
1400
1061
69
-478
-362
-79
194
381
357
338
382
497
664
843
